<?xml version="1.0" encoding="UTF-8"?>
<!-- Generated by org.testng.reporters.JUnitReportReporter -->
<testsuite hostname="Nazrin" failures="0" tests="1" name="amazon_test.Testcase9" time="22.345" errors="0" timestamp="2024-12-12T16:21:10 GMT+06:00" skipped="0">
  <testcase classname="amazon_test.Testcase9" name="add_to_shopping_cart" time="22.345"/>
  <system-out>
    <![CDATA[Testcase successful]]>
  </system-out>
</testsuite> <!-- amazon_test.Testcase9 -->
