<?xml version="1.0" encoding="UTF-8"?>
<!-- Generated by org.testng.reporters.JUnitReportReporter -->
<testsuite hostname="Nazrin" failures="0" tests="1" name="amazon_test.Testcase1" time="26.228" errors="0" timestamp="2024-12-12T15:07:46 GMT+06:00" skipped="0">
  <testcase classname="amazon_test.Testcase1" name="signup_to_amazon" time="26.228"/>
  <system-out>
    <![CDATA[Testcase successful]]>
  </system-out>
</testsuite> <!-- amazon_test.Testcase1 -->
