<?xml version="1.0" encoding="UTF-8"?>
<!-- Generated by org.testng.reporters.JUnitReportReporter -->
<testsuite hostname="Nazrin" failures="0" tests="1" name="amazon_test.Testcase7" time="20.062" errors="0" timestamp="2024-12-12T16:18:04 GMT+06:00" skipped="0">
  <testcase classname="amazon_test.Testcase7" name="product_description" time="20.062"/>
  <system-out>
    <![CDATA[Testcase successful]]>
  </system-out>
</testsuite> <!-- amazon_test.Testcase7 -->
