<?xml version="1.0" encoding="UTF-8"?>
<!-- Generated by org.testng.reporters.JUnitReportReporter -->
<testsuite hostname="Nazrin" failures="0" tests="1" name="amazon_test.Testcase5" time="17.413" errors="0" timestamp="2024-12-12T16:11:41 GMT+06:00" skipped="0">
  <testcase classname="amazon_test.Testcase5" name="searching_products" time="17.413"/>
  <system-out>
    <![CDATA[Testcase successful]]>
  </system-out>
</testsuite> <!-- amazon_test.Testcase5 -->
