<?xml version="1.0" encoding="UTF-8"?>
<!-- Generated by org.testng.reporters.JUnitReportReporter -->
<testsuite hostname="Nazrin" failures="0" tests="1" name="amazon_test.Testcase6" time="18.961" errors="0" timestamp="2024-12-12T16:15:25 GMT+06:00" skipped="0">
  <testcase classname="amazon_test.Testcase6" name="product_with_price_range" time="18.961"/>
  <system-out>
    <![CDATA[Testcase successful]]>
  </system-out>
</testsuite> <!-- amazon_test.Testcase6 -->
