<?xml version="1.0" encoding="UTF-8"?>
<!-- Generated by org.testng.reporters.JUnitReportReporter -->
<testsuite hostname="Nazrin" failures="0" tests="1" name="amazon_test.Testcase_15" time="19.652" errors="0" timestamp="2024-12-17T15:10:03 GMT+06:00" skipped="0">
  <testcase classname="amazon_test.Testcase_15" name="withoutLogin" time="19.652"/>
  <system-out>
    <![CDATA[Testcase successful]]>
  </system-out>
</testsuite> <!-- amazon_test.Testcase_15 -->
