<?xml version="1.0" encoding="UTF-8"?>
<!-- Generated by org.testng.reporters.JUnitReportReporter -->
<testsuite hostname="Nazrin" failures="0" tests="1" name="amazon_test.Testcase3" time="15.166" errors="0" timestamp="2024-12-12T14:52:55 GMT+06:00" skipped="0">
  <testcase classname="amazon_test.Testcase3" name="login_with_incorrect_un_pwd" time="15.166"/>
  <system-out>
    <![CDATA[Testcase successful]]>
  </system-out>
</testsuite> <!-- amazon_test.Testcase3 -->
