<?xml version="1.0" encoding="UTF-8"?>
<!-- Generated by org.testng.reporters.JUnitReportReporter -->
<testsuite hostname="Nazrin" failures="0" tests="1" name="amazon_test.Testcase_03" time="11.252" errors="0" timestamp="2024-12-17T15:10:03 GMT+06:00" skipped="0">
  <testcase classname="amazon_test.Testcase_03" name="login_with_incorrect_un_pwd" time="11.252"/>
  <system-out>
    <![CDATA[Testcase successful]]>
  </system-out>
</testsuite> <!-- amazon_test.Testcase_03 -->
