<?xml version="1.0" encoding="UTF-8"?>
<!-- Generated by org.testng.reporters.JUnitReportReporter -->
<testsuite hostname="Nazrin" failures="0" tests="1" name="amazon_test.Testcase12" time="73.183" errors="0" timestamp="2024-11-25T21:45:15 GMT+06:00" skipped="0">
  <testcase classname="amazon_test.Testcase12" name="payment_method" time="73.183"/>
  <system-out/>
</testsuite> <!-- amazon_test.Testcase12 -->
