<?xml version="1.0" encoding="UTF-8"?>
<!-- Generated by org.testng.reporters.JUnitReportReporter -->
<testsuite hostname="Nazrin" failures="0" tests="2" name="amazon_test.Testcase_01" time="37.116" errors="0" timestamp="2024-12-17T15:10:03 GMT+06:00" skipped="1">
  <testcase classname="amazon_test.Testcase_01" name="signup_to_amazon" time="16.377"/>
  <system-out>
    <![CDATA[Testcase successful]]>
  </system-out>
  <testcase classname="amazon_test.Testcase_01" name="signup_to_amazon" time="20.739">
    <skipped/>
  </testcase> <!-- signup_to_amazon -->
  <system-out/>
</testsuite> <!-- amazon_test.Testcase_01 -->
