<?xml version="1.0" encoding="UTF-8"?>
<!-- Generated by org.testng.reporters.JUnitReportReporter -->
<testsuite hostname="Nazrin" failures="0" tests="2" name="amazon_test.Testcase_11" time="74.852" errors="0" timestamp="2024-12-17T15:10:03 GMT+06:00" skipped="1">
  <testcase classname="amazon_test.Testcase_11" name="checkout_process" time="38.398">
    <skipped/>
  </testcase> <!-- checkout_process -->
  <system-out/>
  <testcase classname="amazon_test.Testcase_11" name="checkout_process" time="36.454"/>
  <system-out>
    <![CDATA[Testcase successful]]>
  </system-out>
</testsuite> <!-- amazon_test.Testcase_11 -->
